SF:/home/giak/projects/reseau-racine/crates/rr-cli/src/main.rs
FN:174,_RNCNvCsbbBpcZll9kK_2rr11cmd_restore0B3_
FN:134,_RNCNvCsbbBpcZll9kK_2rr12cmd_contacts0B3_
FN:83,_RNCNvCsbbBpcZll9kK_2rr12cmd_identity0B3_
FN:96,_RNCNvCsbbBpcZll9kK_2rr15cmd_add_contact0B3_
FN:31,_RNCNvCsbbBpcZll9kK_2rr4main0B3_
FN:45,_RNCNvCsbbBpcZll9kK_2rr8cmd_init0B3_
FN:166,_RNCNvCsbbBpcZll9kK_2rr8cmd_send0B3_
FN:170,_RNCNvCsbbBpcZll9kK_2rr8cmd_sync0B3_
FN:174,_RNvCsbbBpcZll9kK_2rr11cmd_restore
FN:134,_RNvCsbbBpcZll9kK_2rr12cmd_contacts
FN:83,_RNvCsbbBpcZll9kK_2rr12cmd_identity
FN:96,_RNvCsbbBpcZll9kK_2rr15cmd_add_contact
FN:31,_RNvCsbbBpcZll9kK_2rr4main
FN:45,_RNvCsbbBpcZll9kK_2rr8cmd_init
FN:166,_RNvCsbbBpcZll9kK_2rr8cmd_send
FN:170,_RNvCsbbBpcZll9kK_2rr8cmd_sync
FNDA:0,_RNCNvCsbbBpcZll9kK_2rr11cmd_restore0B3_
FNDA:0,_RNCNvCsbbBpcZll9kK_2rr12cmd_contacts0B3_
FNDA:0,_RNCNvCsbbBpcZll9kK_2rr12cmd_identity0B3_
FNDA:0,_RNCNvCsbbBpcZll9kK_2rr15cmd_add_contact0B3_
FNDA:0,_RNCNvCsbbBpcZll9kK_2rr4main0B3_
FNDA:0,_RNCNvCsbbBpcZll9kK_2rr8cmd_init0B3_
FNDA:0,_RNCNvCsbbBpcZll9kK_2rr8cmd_send0B3_
FNDA:0,_RNCNvCsbbBpcZll9kK_2rr8cmd_sync0B3_
FNDA:0,_RNvCsbbBpcZll9kK_2rr11cmd_restore
FNDA:0,_RNvCsbbBpcZll9kK_2rr12cmd_contacts
FNDA:0,_RNvCsbbBpcZll9kK_2rr12cmd_identity
FNDA:0,_RNvCsbbBpcZll9kK_2rr15cmd_add_contact
FNDA:0,_RNvCsbbBpcZll9kK_2rr4main
FNDA:0,_RNvCsbbBpcZll9kK_2rr8cmd_init
FNDA:0,_RNvCsbbBpcZll9kK_2rr8cmd_send
FNDA:0,_RNvCsbbBpcZll9kK_2rr8cmd_sync
FNF:16
FNH:0
DA:31,0
DA:32,0
DA:34,0
DA:35,0
DA:36,0
DA:37,0
DA:38,0
DA:39,0
DA:40,0
DA:41,0
DA:42,0
DA:43,0
DA:45,0
DA:46,0
DA:47,0
DA:48,0
DA:49,0
DA:50,0
DA:51,0
DA:52,0
DA:53,0
DA:54,0
DA:55,0
DA:56,0
DA:57,0
DA:61,0
DA:62,0
DA:63,0
DA:65,0
DA:66,0
DA:67,0
DA:68,0
DA:69,0
DA:70,0
DA:71,0
DA:73,0
DA:74,0
DA:75,0
DA:76,0
DA:77,0
DA:78,0
DA:80,0
DA:81,0
DA:83,0
DA:84,0
DA:85,0
DA:86,0
DA:87,0
DA:88,0
DA:89,0
DA:90,0
DA:91,0
DA:92,0
DA:94,0
DA:96,0
DA:97,0
DA:98,0
DA:99,0
DA:100,0
DA:101,0
DA:102,0
DA:103,0
DA:104,0
DA:107,0
DA:108,0
DA:109,0
DA:110,0
DA:111,0
DA:115,0
DA:117,0
DA:118,0
DA:119,0
DA:120,0
DA:121,0
DA:122,0
DA:123,0
DA:124,0
DA:126,0
DA:127,0
DA:128,0
DA:131,0
DA:132,0
DA:134,0
DA:135,0
DA:136,0
DA:137,0
DA:138,0
DA:139,0
DA:140,0
DA:141,0
DA:142,0
DA:145,0
DA:146,0
DA:147,0
DA:148,0
DA:149,0
DA:152,0
DA:153,0
DA:154,0
DA:155,0
DA:156,0
DA:157,0
DA:158,0
DA:159,0
DA:160,0
DA:161,0
DA:162,0
DA:163,0
DA:164,0
DA:166,0
DA:167,0
DA:168,0
DA:170,0
DA:171,0
DA:172,0
DA:174,0
DA:175,0
DA:176,0
DA:177,0
DA:178,0
DA:179,0
DA:180,0
DA:181,0
DA:182,0
DA:183,0
DA:185,0
DA:186,0
DA:187,0
DA:189,0
BRF:0
BRH:0
LF:145
LH:0
end_of_record
SF:/home/giak/projects/reseau-racine/crates/rr-core/src/crypto.rs
FN:24,_RNvMNtCs8FxVQWAaoFK_7rr_core6cryptoNtB2_14CryptoProvider13generate_keys
FN:16,_RNvMNtCs8FxVQWAaoFK_7rr_core6cryptoNtB2_14CryptoProvider7decrypt
FN:8,_RNvMNtCs8FxVQWAaoFK_7rr_core6cryptoNtB2_14CryptoProvider7encrypt
FN:37,_RNvNtNtCslL48aNixVQB_7rr_core6crypto5tests7encrypt
FN:33,_RNvNtNtCslL48aNixVQB_7rr_core6crypto5tests9alice_bob
FN:112,_RNvNtNtCslL48aNixVQB_7rr_core6crypto5testss_20test_keys_are_unique
FN:86,_RNvNtNtCslL48aNixVQB_7rr_core6crypto5testss_20test_unicode_message
FN:52,_RNvNtNtCslL48aNixVQB_7rr_core6crypto5testss_20test_wrong_key_fails
FN:61,_RNvNtNtCslL48aNixVQB_7rr_core6crypto5testss_27test_empty_message_rejected
FN:68,_RNvNtNtCslL48aNixVQB_7rr_core6crypto5testss_28test_large_message_roundtrip
FN:96,_RNvNtNtCslL48aNixVQB_7rr_core6crypto5testss_29test_invalid_ciphertext_fails
FN:42,_RNvNtNtCslL48aNixVQB_7rr_core6crypto5testss_30test_encrypt_decrypt_roundtrip
FN:78,_RNvNtNtCslL48aNixVQB_7rr_core6crypto5testss_31test_oversized_message_rejected
FN:103,_RNvNtNtCslL48aNixVQB_7rr_core6crypto5testss_32test_sender_decrypts_own_message
FN:24,_RNvMNtCslL48aNixVQB_7rr_core6cryptoNtB2_14CryptoProvider13generate_keys
FN:16,_RNvMNtCslL48aNixVQB_7rr_core6cryptoNtB2_14CryptoProvider7decrypt
FN:8,_RNvMNtCslL48aNixVQB_7rr_core6cryptoNtB2_14CryptoProvider7encrypt
FNDA:0,_RNvMNtCs8FxVQWAaoFK_7rr_core6cryptoNtB2_14CryptoProvider13generate_keys
FNDA:1024,_RNvMNtCs8FxVQWAaoFK_7rr_core6cryptoNtB2_14CryptoProvider7decrypt
FNDA:1064,_RNvMNtCs8FxVQWAaoFK_7rr_core6cryptoNtB2_14CryptoProvider7encrypt
FNDA:5,_RNvNtNtCslL48aNixVQB_7rr_core6crypto5tests7encrypt
FNDA:8,_RNvNtNtCslL48aNixVQB_7rr_core6crypto5tests9alice_bob
FNDA:1,_RNvNtNtCslL48aNixVQB_7rr_core6crypto5testss_20test_keys_are_unique
FNDA:1,_RNvNtNtCslL48aNixVQB_7rr_core6crypto5testss_20test_unicode_message
FNDA:1,_RNvNtNtCslL48aNixVQB_7rr_core6crypto5testss_20test_wrong_key_fails
FNDA:1,_RNvNtNtCslL48aNixVQB_7rr_core6crypto5testss_27test_empty_message_rejected
FNDA:1,_RNvNtNtCslL48aNixVQB_7rr_core6crypto5testss_28test_large_message_roundtrip
FNDA:1,_RNvNtNtCslL48aNixVQB_7rr_core6crypto5testss_29test_invalid_ciphertext_fails
FNDA:1,_RNvNtNtCslL48aNixVQB_7rr_core6crypto5testss_30test_encrypt_decrypt_roundtrip
FNDA:1,_RNvNtNtCslL48aNixVQB_7rr_core6crypto5testss_31test_oversized_message_rejected
FNDA:1,_RNvNtNtCslL48aNixVQB_7rr_core6crypto5testss_32test_sender_decrypts_own_message
FNDA:2,_RNvMNtCslL48aNixVQB_7rr_core6cryptoNtB2_14CryptoProvider13generate_keys
FNDA:6,_RNvMNtCslL48aNixVQB_7rr_core6cryptoNtB2_14CryptoProvider7decrypt
FNDA:7,_RNvMNtCslL48aNixVQB_7rr_core6cryptoNtB2_14CryptoProvider7encrypt
FNF:14
FNH:14
DA:8,1071
DA:9,1071
DA:10,1071
DA:11,1071
DA:12,1071
DA:13,1071
DA:14,1071
DA:16,1030
DA:17,1030
DA:18,1030
DA:19,1030
DA:20,1030
DA:21,1030
DA:22,1030
DA:24,2
DA:25,2
DA:26,2
DA:33,8
DA:34,8
DA:35,8
DA:37,5
DA:38,5
DA:39,5
DA:42,1
DA:43,1
DA:44,1
DA:45,1
DA:46,1
DA:47,1
DA:48,1
DA:49,1
DA:52,1
DA:53,1
DA:54,1
DA:55,1
DA:56,1
DA:57,1
DA:58,1
DA:61,1
DA:62,1
DA:63,1
DA:64,1
DA:65,1
DA:68,1
DA:69,1
DA:70,1
DA:71,1
DA:72,1
DA:73,1
DA:74,1
DA:75,1
DA:78,1
DA:79,1
DA:80,1
DA:81,1
DA:82,1
DA:83,1
DA:86,1
DA:87,1
DA:88,1
DA:89,1
DA:90,1
DA:91,1
DA:92,1
DA:93,1
DA:96,1
DA:97,1
DA:98,1
DA:99,1
DA:100,1
DA:103,1
DA:104,1
DA:105,1
DA:106,1
DA:107,1
DA:108,1
DA:109,1
DA:112,1
DA:113,1
DA:114,1
DA:115,1
DA:116,1
BRF:0
BRH:0
LF:82
LH:82
end_of_record
SF:/home/giak/projects/reseau-racine/crates/rr-core/src/identity.rs
FN:97,_RNCNvMs1_NtCs8FxVQWAaoFK_7rr_core8identityNtB7_15IdentityManager16default_data_dir0B9_
FN:98,_RNCNvMs1_NtCs8FxVQWAaoFK_7rr_core8identityNtB7_15IdentityManager16default_data_dirs_0B9_
FN:89,_RINvMs1_NtCs8FxVQWAaoFK_7rr_core8identityNtB6_15IdentityManager3newpEB8_
FN:102,_RNvMs1_NtCslL48aNixVQB_7rr_core8identityNtB5_15IdentityManager14load_or_create
FN:113,_RNvMs1_NtCslL48aNixVQB_7rr_core8identityNtB5_15IdentityManager4load
FN:121,_RNvMs1_NtCslL48aNixVQB_7rr_core8identityNtB5_15IdentityManager4save
FN:36,_RNvMs_NtCslL48aNixVQB_7rr_core8identityNtB4_8Identity16from_seed_phrase
FN:62,_RNvMs_NtCslL48aNixVQB_7rr_core8identityNtB4_8Identity17public_key_bech32
FN:69,_RNvMs_NtCslL48aNixVQB_7rr_core8identityNtB4_8Identity17secret_key_bech32
FN:49,_RNvMs_NtCslL48aNixVQB_7rr_core8identityNtB4_8Identity20generate_seed_phrase
FN:24,_RNvMs_NtCslL48aNixVQB_7rr_core8identityNtB4_8Identity3new
FN:42,_RNvMs_NtCslL48aNixVQB_7rr_core8identityNtB4_8Identity9from_nsec
FN:16,_RNvXNtCslL48aNixVQB_7rr_core8identityNtB2_8IdentityNtNtCsgEmfK2I1SDS_4core3fmt5Debug3fmt
FN:78,_RNvXs0_NtCslL48aNixVQB_7rr_core8identityNtB5_8IdentityNtNtCsgEmfK2I1SDS_4core7default7Default7default
FN:97,_RNCNvMs1_NtCslL48aNixVQB_7rr_core8identityNtB7_15IdentityManager16default_data_dir0B9_
FN:98,_RNCNvMs1_NtCslL48aNixVQB_7rr_core8identityNtB7_15IdentityManager16default_data_dirs_0B9_
FN:95,_RNvMs1_NtCslL48aNixVQB_7rr_core8identityNtB5_15IdentityManager16default_data_dir
FN:58,_RNvMs_NtCslL48aNixVQB_7rr_core8identityNtB4_8Identity10public_key
FN:30,_RNvMs_NtCslL48aNixVQB_7rr_core8identityNtB4_8Identity15from_secret_key
FN:54,_RNvMs_NtCslL48aNixVQB_7rr_core8identityNtB4_8Identity4keys
FN:189,_RNvNtNtCslL48aNixVQB_7rr_core8identity5testss_16test_unique_keys
FN:218,_RNvNtNtCslL48aNixVQB_7rr_core8identity5testss_17test_invalid_nsec
FN:173,_RNvNtNtCslL48aNixVQB_7rr_core8identity5testss_18test_save_and_load
FN:288,_RNvNtNtCslL48aNixVQB_7rr_core8identity5testss_21test_default_identity
FN:247,_RNvNtNtCslL48aNixVQB_7rr_core8identity5testss_22test_load_missing_file
FN:224,_RNvNtNtCslL48aNixVQB_7rr_core8identity5testss_22test_public_key_format
FN:236,_RNvNtNtCslL48aNixVQB_7rr_core8identity5testss_22test_secret_key_format
FN:151,_RNvNtNtCslL48aNixVQB_7rr_core8identity5testss_23test_identity_from_nsec
FN:144,_RNvNtNtCslL48aNixVQB_7rr_core8identity5testss_24test_identity_generation
FN:212,_RNvNtNtCslL48aNixVQB_7rr_core8identity5testss_24test_invalid_seed_phrase
FN:280,_RNvNtNtCslL48aNixVQB_7rr_core8identity5testss_27test_debug_hides_secret_key
FN:257,_RNvNtNtCslL48aNixVQB_7rr_core8identity5testss_27test_load_or_create_creates
FN:159,_RNvNtNtCslL48aNixVQB_7rr_core8identity5testss_27test_seed_phrase_generation
FN:166,_RNvNtNtCslL48aNixVQB_7rr_core8identity5testss_30test_identity_from_seed_phrase
FN:204,_RNvNtNtCslL48aNixVQB_7rr_core8identity5testss_30test_seed_phrase_deterministic
FN:268,_RNvNtNtCslL48aNixVQB_7rr_core8identity5testss_34test_load_or_create_loads_existing
FN:196,_RNvNtNtCslL48aNixVQB_7rr_core8identity5testss_37test_from_seed_phrase_with_passphrase
FN:89,_RINvMs1_NtCslL48aNixVQB_7rr_core8identityNtB6_15IdentityManager3newRNtNtCsjrHSEGnQ3l9_3std4path7PathBufEB8_
FNDA:0,_RNCNvMs1_NtCs8FxVQWAaoFK_7rr_core8identityNtB7_15IdentityManager16default_data_dir0B9_
FNDA:0,_RNCNvMs1_NtCs8FxVQWAaoFK_7rr_core8identityNtB7_15IdentityManager16default_data_dirs_0B9_
FNDA:0,_RINvMs1_NtCs8FxVQWAaoFK_7rr_core8identityNtB6_15IdentityManager3newpEB8_
FNDA:2,_RNvMs1_NtCslL48aNixVQB_7rr_core8identityNtB5_15IdentityManager14load_or_create
FNDA:3,_RNvMs1_NtCslL48aNixVQB_7rr_core8identityNtB5_15IdentityManager4load
FNDA:3,_RNvMs1_NtCslL48aNixVQB_7rr_core8identityNtB5_15IdentityManager4save
FNDA:6,_RNvMs_NtCslL48aNixVQB_7rr_core8identityNtB4_8Identity16from_seed_phrase
FNDA:19,_RNvMs_NtCslL48aNixVQB_7rr_core8identityNtB4_8Identity17public_key_bech32
FNDA:8,_RNvMs_NtCslL48aNixVQB_7rr_core8identityNtB4_8Identity17secret_key_bech32
FNDA:4,_RNvMs_NtCslL48aNixVQB_7rr_core8identityNtB4_8Identity20generate_seed_phrase
FNDA:11,_RNvMs_NtCslL48aNixVQB_7rr_core8identityNtB4_8Identity3new
FNDA:4,_RNvMs_NtCslL48aNixVQB_7rr_core8identityNtB4_8Identity9from_nsec
FNDA:1,_RNvXNtCslL48aNixVQB_7rr_core8identityNtB2_8IdentityNtNtCsgEmfK2I1SDS_4core3fmt5Debug3fmt
FNDA:1,_RNvXs0_NtCslL48aNixVQB_7rr_core8identityNtB5_8IdentityNtNtCsgEmfK2I1SDS_4core7default7Default7default
FNDA:0,_RNCNvMs1_NtCslL48aNixVQB_7rr_core8identityNtB7_15IdentityManager16default_data_dir0B9_
FNDA:0,_RNCNvMs1_NtCslL48aNixVQB_7rr_core8identityNtB7_15IdentityManager16default_data_dirs_0B9_
FNDA:0,_RNvMs1_NtCslL48aNixVQB_7rr_core8identityNtB5_15IdentityManager16default_data_dir
FNDA:0,_RNvMs_NtCslL48aNixVQB_7rr_core8identityNtB4_8Identity10public_key
FNDA:0,_RNvMs_NtCslL48aNixVQB_7rr_core8identityNtB4_8Identity15from_secret_key
FNDA:0,_RNvMs_NtCslL48aNixVQB_7rr_core8identityNtB4_8Identity4keys
FNDA:1,_RNvNtNtCslL48aNixVQB_7rr_core8identity5testss_16test_unique_keys
FNDA:1,_RNvNtNtCslL48aNixVQB_7rr_core8identity5testss_17test_invalid_nsec
FNDA:1,_RNvNtNtCslL48aNixVQB_7rr_core8identity5testss_18test_save_and_load
FNDA:1,_RNvNtNtCslL48aNixVQB_7rr_core8identity5testss_21test_default_identity
FNDA:1,_RNvNtNtCslL48aNixVQB_7rr_core8identity5testss_22test_load_missing_file
FNDA:1,_RNvNtNtCslL48aNixVQB_7rr_core8identity5testss_22test_public_key_format
FNDA:1,_RNvNtNtCslL48aNixVQB_7rr_core8identity5testss_22test_secret_key_format
FNDA:1,_RNvNtNtCslL48aNixVQB_7rr_core8identity5testss_23test_identity_from_nsec
FNDA:1,_RNvNtNtCslL48aNixVQB_7rr_core8identity5testss_24test_identity_generation
FNDA:1,_RNvNtNtCslL48aNixVQB_7rr_core8identity5testss_24test_invalid_seed_phrase
FNDA:1,_RNvNtNtCslL48aNixVQB_7rr_core8identity5testss_27test_debug_hides_secret_key
FNDA:1,_RNvNtNtCslL48aNixVQB_7rr_core8identity5testss_27test_load_or_create_creates
FNDA:1,_RNvNtNtCslL48aNixVQB_7rr_core8identity5testss_27test_seed_phrase_generation
FNDA:1,_RNvNtNtCslL48aNixVQB_7rr_core8identity5testss_30test_identity_from_seed_phrase
FNDA:1,_RNvNtNtCslL48aNixVQB_7rr_core8identity5testss_30test_seed_phrase_deterministic
FNDA:1,_RNvNtNtCslL48aNixVQB_7rr_core8identity5testss_34test_load_or_create_loads_existing
FNDA:1,_RNvNtNtCslL48aNixVQB_7rr_core8identity5testss_37test_from_seed_phrase_with_passphrase
FNDA:4,_RINvMs1_NtCslL48aNixVQB_7rr_core8identityNtB6_15IdentityManager3newRNtNtCsjrHSEGnQ3l9_3std4path7PathBufEB8_
FNF:35
FNH:29
DA:16,1
DA:17,1
DA:18,1
DA:19,1
DA:20,1
DA:24,11
DA:25,11
DA:26,11
DA:27,11
DA:28,11
DA:30,0
DA:31,0
DA:32,0
DA:33,0
DA:34,0
DA:36,6
DA:37,6
DA:38,5
DA:39,5
DA:40,6
DA:42,4
DA:43,4
DA:44,3
DA:45,3
DA:46,3
DA:47,4
DA:49,4
DA:50,4
DA:51,4
DA:52,4
DA:54,0
DA:55,0
DA:56,0
DA:58,0
DA:59,0
DA:60,0
DA:62,19
DA:63,19
DA:64,19
DA:65,19
DA:66,19
DA:67,19
DA:69,8
DA:70,8
DA:71,8
DA:72,8
DA:73,8
DA:74,8
DA:78,1
DA:79,1
DA:80,1
DA:89,4
DA:90,4
DA:91,4
DA:92,4
DA:93,4
DA:95,0
DA:96,0
DA:97,0
DA:98,0
DA:99,0
DA:100,0
DA:102,2
DA:103,2
DA:104,2
DA:105,1
DA:107,1
DA:108,1
DA:109,1
DA:111,2
DA:113,3
DA:114,3
DA:115,3
DA:116,2
DA:117,2
DA:118,2
DA:119,3
DA:121,3
DA:122,3
DA:123,3
DA:124,3
DA:125,3
DA:126,3
DA:128,3
DA:129,3
DA:133,3
DA:135,3
DA:136,3
DA:144,1
DA:145,1
DA:146,1
DA:147,1
DA:148,1
DA:151,1
DA:152,1
DA:153,1
DA:154,1
DA:155,1
DA:156,1
DA:159,1
DA:160,1
DA:161,1
DA:162,1
DA:163,1
DA:166,1
DA:167,1
DA:168,1
DA:169,1
DA:170,1
DA:173,1
DA:174,1
DA:175,1
DA:177,1
DA:178,1
DA:179,1
DA:180,1
DA:182,1
DA:183,1
DA:185,1
DA:186,1
DA:189,1
DA:190,1
DA:191,1
DA:192,1
DA:193,1
DA:196,1
DA:197,1
DA:198,1
DA:199,1
DA:200,1
DA:201,1
DA:204,1
DA:205,1
DA:206,1
DA:207,1
DA:208,1
DA:209,1
DA:212,1
DA:213,1
DA:214,1
DA:215,1
DA:218,1
DA:219,1
DA:220,1
DA:221,1
DA:224,1
DA:225,1
DA:226,1
DA:227,1
DA:228,1
DA:232,1
DA:233,1
DA:236,1
DA:237,1
DA:238,1
DA:239,1
DA:240,1
DA:244,1
DA:247,1
DA:248,1
DA:249,1
DA:250,1
DA:251,1
DA:252,1
DA:253,1
DA:254,1
DA:257,1
DA:258,1
DA:259,1
DA:260,1
DA:261,1
DA:262,1
DA:263,1
DA:264,1
DA:265,1
DA:268,1
DA:269,1
DA:270,1
DA:271,1
DA:272,1
DA:273,1
DA:274,1
DA:275,1
DA:276,1
DA:277,1
DA:280,1
DA:281,1
DA:282,1
DA:283,1
DA:284,1
DA:285,1
DA:288,1
DA:289,1
DA:290,1
DA:291,1
BRF:0
BRH:0
LF:197
LH:178
end_of_record
SF:/home/giak/projects/reseau-racine/crates/rr-core/src/message.rs
FN:17,_RNCNvMNtCs8FxVQWAaoFK_7rr_core7messageNtB4_14MessageService4send0B6_
FN:28,_RNCNvMNtCs8FxVQWAaoFK_7rr_core7messageNtB4_14MessageService7receive0B6_
FN:17,_RNCNvMNtCslL48aNixVQB_7rr_core7messageNtB4_14MessageService4send0B6_
FN:28,_RNCNvMNtCslL48aNixVQB_7rr_core7messageNtB4_14MessageService7receive0B6_
FN:8,_RNvMNtCslL48aNixVQB_7rr_core7messageNtB2_14MessageService3new
FN:12,_RNvMNtCslL48aNixVQB_7rr_core7messageNtB2_14MessageService4send
FN:24,_RNvMNtCslL48aNixVQB_7rr_core7messageNtB2_14MessageService7receive
FN:35,_RNvXs_NtCslL48aNixVQB_7rr_core7messageNtB4_14MessageServiceNtNtCsgEmfK2I1SDS_4core7default7Default7default
FNDA:0,_RNCNvMNtCs8FxVQWAaoFK_7rr_core7messageNtB4_14MessageService4send0B6_
FNDA:0,_RNCNvMNtCs8FxVQWAaoFK_7rr_core7messageNtB4_14MessageService7receive0B6_
FNDA:0,_RNCNvMNtCslL48aNixVQB_7rr_core7messageNtB4_14MessageService4send0B6_
FNDA:0,_RNCNvMNtCslL48aNixVQB_7rr_core7messageNtB4_14MessageService7receive0B6_
FNDA:0,_RNvMNtCslL48aNixVQB_7rr_core7messageNtB2_14MessageService3new
FNDA:0,_RNvMNtCslL48aNixVQB_7rr_core7messageNtB2_14MessageService4send
FNDA:0,_RNvMNtCslL48aNixVQB_7rr_core7messageNtB2_14MessageService7receive
FNDA:0,_RNvXs_NtCslL48aNixVQB_7rr_core7messageNtB4_14MessageServiceNtNtCsgEmfK2I1SDS_4core7default7Default7default
FNF:6
FNH:0
DA:8,0
DA:9,0
DA:10,0
DA:12,0
DA:13,0
DA:14,0
DA:15,0
DA:16,0
DA:17,0
DA:18,0
DA:19,0
DA:20,0
DA:21,0
DA:22,0
DA:24,0
DA:25,0
DA:26,0
DA:27,0
DA:28,0
DA:29,0
DA:30,0
DA:31,0
DA:35,0
DA:36,0
DA:37,0
BRF:0
BRH:0
LF:27
LH:0
end_of_record
SF:/home/giak/projects/reseau-racine/crates/rr-core/src/transport/mod.rs
FN:15,_RNvXNtCslL48aNixVQB_7rr_core9transportNtNtB2_5nostr14NostrTransportNtB2_17TransportProvider4kind
FN:11,_RNvXNtCslL48aNixVQB_7rr_core9transportNtNtB2_5nostr14NostrTransportNtB2_17TransportProvider6client
FNDA:0,_RNvXNtCslL48aNixVQB_7rr_core9transportNtNtB2_5nostr14NostrTransportNtB2_17TransportProvider4kind
FNDA:0,_RNvXNtCslL48aNixVQB_7rr_core9transportNtNtB2_5nostr14NostrTransportNtB2_17TransportProvider6client
FNF:2
FNH:0
DA:11,0
DA:12,0
DA:13,0
DA:15,0
DA:16,0
DA:17,0
BRF:0
BRH:0
LF:6
LH:0
end_of_record
SF:/home/giak/projects/reseau-racine/crates/rr-core/src/transport/nostr.rs
FN:9,_RNCNvMNtNtCs8FxVQWAaoFK_7rr_core9transport5nostrNtB4_14NostrTransport3new0B8_
FN:20,_RNCNvMNtNtCs8FxVQWAaoFK_7rr_core9transport5nostrNtB4_14NostrTransport9with_keys0B8_
FN:9,_RNCNvMNtNtCslL48aNixVQB_7rr_core9transport5nostrNtB4_14NostrTransport3new0B8_
FN:20,_RNCNvMNtNtCslL48aNixVQB_7rr_core9transport5nostrNtB4_14NostrTransport9with_keys0B8_
FN:9,_RNvMNtNtCslL48aNixVQB_7rr_core9transport5nostrNtB2_14NostrTransport3new
FN:27,_RNvMNtNtCslL48aNixVQB_7rr_core9transport5nostrNtB2_14NostrTransport6client
FN:17,_RNvMNtNtCslL48aNixVQB_7rr_core9transport5nostrNtB2_14NostrTransport9with_keys
FNDA:0,_RNCNvMNtNtCs8FxVQWAaoFK_7rr_core9transport5nostrNtB4_14NostrTransport3new0B8_
FNDA:0,_RNCNvMNtNtCs8FxVQWAaoFK_7rr_core9transport5nostrNtB4_14NostrTransport9with_keys0B8_
FNDA:0,_RNCNvMNtNtCslL48aNixVQB_7rr_core9transport5nostrNtB4_14NostrTransport3new0B8_
FNDA:0,_RNCNvMNtNtCslL48aNixVQB_7rr_core9transport5nostrNtB4_14NostrTransport9with_keys0B8_
FNDA:0,_RNvMNtNtCslL48aNixVQB_7rr_core9transport5nostrNtB2_14NostrTransport3new
FNDA:0,_RNvMNtNtCslL48aNixVQB_7rr_core9transport5nostrNtB2_14NostrTransport6client
FNDA:0,_RNvMNtNtCslL48aNixVQB_7rr_core9transport5nostrNtB2_14NostrTransport9with_keys
FNF:5
FNH:0
DA:9,0
DA:10,0
DA:11,0
DA:12,0
DA:13,0
DA:14,0
DA:15,0
DA:17,0
DA:18,0
DA:19,0
DA:20,0
DA:21,0
DA:22,0
DA:23,0
DA:24,0
DA:25,0
DA:27,0
DA:28,0
DA:29,0
BRF:0
BRH:0
LF:21
LH:0
end_of_record